info it worked if it ends with ok
verbose cli [ 'node', '/usr/local/bin/npm', 'install' ]
info using npm@1.1.0-3
info using node@v0.6.9
verbose config file /Users/twilson63/.npmrc
verbose config file /usr/local/etc/npmrc
verbose config file /usr/local/lib/node_modules/npm/npmrc
ERR! Couldn't read dependencies.
ERR! Failed to parse json
ERR! Unexpected string
ERR! File: /Users/twilson63/code/creamer/package.json
ERR! JSON.parse Failed to parse package.json data.
ERR! JSON.parse package.json must be actual JSON, not just JavaScript.
ERR! JSON.parse This is not a bug in npm.
ERR! JSON.parse Tell the package author to fix their package.json file.
ERR! 
ERR! System Darwin 11.3.0
ERR! command "node" "/usr/local/bin/npm" "install"
ERR! cwd /Users/twilson63/code/creamer
ERR! node -v v0.6.9
ERR! npm -v 1.1.0-3
ERR! file /Users/twilson63/code/creamer/package.json
ERR! code EJSONPARSE
ERR! message Failed to parse json
ERR! message Unexpected string
ERR! errno {}
verbose exit [ 1, true ]
